<?xml version="1.0" encoding="UTF-8"?>
<!-- Generated by org.testng.reporters.JUnitReportReporter -->
<testsuite skipped="0" hostname="DEVA-PC" name="BBsot" tests="1" failures="0" timestamp="07 Jun 2018 08:57:59 GMT" time="0.018" errors="0">
  <testcase name="testEx" time="0.018" classname="BBsot"/>
</testsuite> <!-- BBsot -->
