<?xml version="1.0" encoding="UTF-8"?>
<!-- Generated by org.testng.reporters.JUnitReportReporter -->
<testsuite skipped="0" hostname="DEVA-PC" name="com.deva.BBsot" tests="1" failures="0" timestamp="07 Jun 2018 09:09:11 GMT" time="0.013" errors="0">
  <testcase name="testEx" time="0.013" classname="com.deva.BBsot"/>
</testsuite> <!-- com.deva.BBsot -->
